Log file open, 05/18/17 21:11:25
LogInit:Display: Running engine for game: ShootergameExam
LogPlatformFile: Not using cached read wrapper
LogInit:Display: RandInit(-2058739886) SRandInit(-2058739886).
LogTaskGraph: Started task graph with 5 named threads and 8 total threads with 1 sets of task threads.
LogStats: Stats thread started at 0.085344
LogInit: Using libcurl 7.47.1
LogInit:  - built for x86_64-pc-win32
LogInit:  - supports SSL with OpenSSL/1.0.2g
LogInit:  - supports HTTP deflate (compression) using libz 1.2.8
LogInit:  - other features:
LogInit:      CURL_VERSION_SSL
LogInit:      CURL_VERSION_LIBZ
LogInit:      CURL_VERSION_IPV6
LogInit:      CURL_VERSION_ASYNCHDNS
LogInit:      CURL_VERSION_LARGEFILE
LogInit:      CURL_VERSION_IDN
LogInit:  CurlRequestOptions (configurable via config and command line):
LogInit:  - bVerifyPeer = false  - Libcurl will NOT verify peer certificate
LogInit:  - bUseHttpProxy = false  - Libcurl will NOT use HTTP proxy
LogInit:  - bDontReuseConnections = false  - Libcurl will reuse connections
LogInit:  - CertBundlePath = nullptr  - Libcurl will use whatever was configured at build time.
OCULUS: Info: [CAPI] LibOVR module is located at C:\Program Files\Oculus\Support\oculus-runtime\LibOVRRT64_1.dll
OCULUS: Debug: Connected to the server running version (prod = 1).1.14.0(build = 378771) feature version = 0. Client runs version (prod = 1).1.14.0(build = 378771) feature version = 0
LogHMD: GearVR: Emulating GearVR using Oculus Rift!
LogInit: Build: ++UE4+Release-4.15-CL-3348071
LogInit: Engine Version: 4.15.1-3348071+++UE4+Release-4.15
LogInit: Compatible Engine Version: 4.15.0-3299760+++UE4+Release-4.15
LogInit: Net CL: 3299760
LogDevObjectVersion: Number of dev versions registered: 14
LogDevObjectVersion:   Dev-Blueprints (B0D832E4-1F89-4F0D-ACCF-7EB736FD4AA2): 8
LogDevObjectVersion:   Dev-Build (E1C64328-A22C-4D53-A36C-8E866417BD8C): 0
LogDevObjectVersion:   Dev-Core (375EC13C-06E4-48FB-B500-84F0262A717E): 2
LogDevObjectVersion:   Dev-Editor (E4B068ED-F494-42E9-A231-DA0B2E46BB41): 14
LogDevObjectVersion:   Dev-Framework (CFFC743F-43B0-4480-9391-14DF171D2073): 22
LogDevObjectVersion:   Dev-Mobile (B02B49B5-BB20-44E9-A304-32B752E40360): 0
LogDevObjectVersion:   Dev-Networking (A4E4105C-59A1-49B5-A7C5-40C4547EDFEE): 0
LogDevObjectVersion:   Dev-Online (39C831C9-5AE6-47DC-9A44-9C173E1C8E7C): 0
LogDevObjectVersion:   Dev-Physics (78F01B33-EBEA-4F98-B9B4-84EACCB95AA2): 0
LogDevObjectVersion:   Dev-Platform (6631380F-2D4D-43E0-8009-CF276956A95A): 0
LogDevObjectVersion:   Dev-Rendering (12F88B9F-8875-4AFC-A67C-D90C383ABD29): 12
LogDevObjectVersion:   Dev-Sequencer (7B5AE74C-D270-4C10-A958-57980B212A5A): 3
LogDevObjectVersion:   Dev-VR (D7296918-1DD6-4BDD-9DE2-64A83CC13884): 0
LogDevObjectVersion:   Dev-LoadTimes (C2A15278-BFE7-4AFE-6C17-90FF531DF755): 1
LogInit: Compiled (64-bit): Mar 15 2017 16:52:47
LogInit: Compiled with Visual C++: 19.00.23026.00
LogInit: Build Configuration: Development
LogInit: Branch Name: ++UE4+Release-4.15
LogInit: Command line: -EpicPortal 
LogInit: Base directory: C:/Program Files/Epic Games/UE_4.15/Engine/Binaries/Win64/
LogInit: Installed Engine Build: 1
LogInit: Presizing for max 8388607 objects, including 0 objects not considered by GC, pre-allocating 0 bytes for permanent pool.
LogInit: Object subsystem initialized
[2017.05.18-12.11.27:335][  0]LogInit: Selected Device Profile: [Windows]
[2017.05.18-12.11.27:335][  0]LogInit: Applying CVar settings loaded from the selected device profile: [Windows]
[2017.05.18-12.11.27:344][  0]LogInit: Computer: DESKTOP-QGBNOPV
[2017.05.18-12.11.27:344][  0]LogInit: User: syj
[2017.05.18-12.11.27:344][  0]LogInit: CPU Page size=65536, Cores=4
[2017.05.18-12.11.27:344][  0]LogInit: High frequency timer resolution =3.416979 MHz
[2017.05.18-12.11.27:344][  0]LogMemory: Memory total: Physical=7.9GB (8GB approx)
[2017.05.18-12.11.27:344][  0]LogMemory: Platform Memory Stats for Windows
[2017.05.18-12.11.27:344][  0]LogMemory: Process Physical Memory: 269.09 MB used, 269.09 MB peak
[2017.05.18-12.11.27:344][  0]LogMemory: Process Virtual Memory: 265.69 MB used, 265.69 MB peak
[2017.05.18-12.11.27:344][  0]LogMemory: Physical Memory: 4483.10 MB used,  3627.96 MB free, 8111.06 MB total
[2017.05.18-12.11.27:344][  0]LogMemory: Virtual Memory: 684.70 MB used,  3627.96 MB free, 134217728.00 MB total
[2017.05.18-12.11.27:496][  0]LogTextLocalizationManager: No specific translations for ('ko-KR') exist, so ('ko') translations will be used.
[2017.05.18-12.11.27:540][  0]LogTextLocalizationManager:Warning: Loaded localization resources contain conflicting entries for (Namespace:KismetSchema, Key:Default):
Localization Resource: (C:/Program Files/Epic Games/UE_4.15/Engine/Content/Localization/EditorTutorials/ko/EditorTutorials.locres) Source String Hash: (940523119) Localized String: (디폴트)
Localization Resource: (C:/Program Files/Epic Games/UE_4.15/Engine/Content/Localization/Engine/ko/Engine.locres) Source String Hash: (940523119) Localized String: (기본)
[2017.05.18-12.11.27:540][  0]LogTextLocalizationManager:Warning: Loaded localization resources contain conflicting entries for (Namespace:UObjectToolTips, Key:AnimNode_AssetPlayerBase:InternalTimeAccumulator):
Localization Resource: (C:/Program Files/Epic Games/UE_4.15/Engine/Content/Localization/EditorTutorials/ko/EditorTutorials.locres) Source String Hash: (502993589) Localized String: (이 노드에서 애셋을 레퍼런싱하는 데 사용되는 누적 시간입니다.)
Localization Resource: (C:/Program Files/Epic Games/UE_4.15/Engine/Content/Localization/ToolTips/ko/ToolTips.locres) Source String Hash: (502993589) Localized String: (내부 시간 누산기 - 이 노드에서 애셋을 레퍼런싱하는 데 사용된 누적 시간입니다.)
Localization Resource: (C:/Program Files/Epic Games/UE_4.15/Engine/Content/Localization/Engine/ko/Engine.locres) Source String Hash: (502993589) Localized String: (이 노드에서 애셋을 레퍼런싱하는 데 사용된 누적 시간입니다.)
[2017.05.18-12.11.27:540][  0]LogTextLocalizationManager:Warning: Loaded localization resources contain conflicting entries for (Namespace:UObjectToolTips, Key:AnimNode_AssetPlayerBase:bIgnoreForRelevancyTest):
Localization Resource: (C:/Program Files/Epic Games/UE_4.15/Engine/Content/Localization/EditorTutorials/ko/EditorTutorials.locres) Source String Hash: (319969718) Localized String: (True 면, 스테이트에서 최고 가중치 애니메이션을 찾는 "Relevant anim" 노드는 이 노드를 무시합니다.
 )
Localization Resource: (C:/Program Files/Epic Games/UE_4.15/Engine/Content/Localization/ToolTips/ko/ToolTips.locres) Source String Hash: (319969718) Localized String: (연관성 테스트에 무시 - true 인 경우 스테이트 내 최고 웨이팅된 애니메이션을 찾는 "Relevant anim" (연관 애님) 노드가
이 노드를 무시합니다.)
Localization Resource: (C:/Program Files/Epic Games/UE_4.15/Engine/Content/Localization/Engine/ko/Engine.locres) Source String Hash: (319969718) Localized String: (True 면 스테이트 내 최고 웨이팅된 애니메이션을 찾는 "Relevant anim" 노드가 무시됩니다.
 )
[2017.05.18-12.11.27:540][  0]LogTextLocalizationManager:Warning: Loaded localization resources contain conflicting entries for (Namespace:UObjectToolTips, Key:AnimNode_AssetPlayerBase:BlendWeight):
Localization Resource: (C:/Program Files/Epic Games/UE_4.15/Engine/Content/Localization/EditorTutorials/ko/EditorTutorials.locres) Source String Hash: (-1232800293) Localized String: (이 노드에 마지막 걸린 블렌드웨이트 입니다.)
Localization Resource: (C:/Program Files/Epic Games/UE_4.15/Engine/Content/Localization/ToolTips/ko/ToolTips.locres) Source String Hash: (-1232800293) Localized String: (블렌드 웨이트 - 이 노드에 대해 마지막으로 접한 블렌드 웨이트입니다.)
Localization Resource: (C:/Program Files/Epic Games/UE_4.15/Engine/Content/Localization/Engine/ko/Engine.locres) Source String Hash: (-1232800293) Localized String: (이 노드에 대해 마지막 접한 블렌드 웨이트)
[2017.05.18-12.11.27:540][  0]LogTextLocalizationManager:Warning: Loaded localization resources contain conflicting entries for (Namespace:UObjectToolTips, Key:AnimNode_BlendSpacePlayer:bLoop):
Localization Resource: (C:/Program Files/Epic Games/UE_4.15/Engine/Content/Localization/EditorTutorials/ko/EditorTutorials.locres) Source String Hash: (2133979316) Localized String: (애니메이션이 끝까지 재생되면 반복할까요?)
Localization Resource: (C:/Program Files/Epic Games/UE_4.15/Engine/Content/Localization/ToolTips/ko/ToolTips.locres) Source String Hash: (2133979316) Localized String: (루프 - 애니메이션이 끝에 도달했을 때 계속 반복할까요?)
[2017.05.18-12.11.27:540][  0]LogTextLocalizationManager:Warning: Loaded localization resources contain conflicting entries for (Namespace:UObjectToolTips, Key:AnimNode_StateMachine:bSkipFirstUpdateTransition):
Localization Resource: (C:/Program Files/Epic Games/UE_4.15/Engine/Content/Localization/EditorTutorials/ko/EditorTutorials.locres) Source String Hash: (1865475011) Localized String: (첫 업데이트시 도입 상태에서의 트랜지션을 건너뛸까요? 
기본은 true 로, 첫 업데이트시에는 트랜지션 데이터를 버립니다.)
Localization Resource: (C:/Program Files/Epic Games/UE_4.15/Engine/Content/Localization/ToolTips/ko/ToolTips.locres) Source String Hash: (1865475011) Localized String: (첫 번째 업데이트 트랜지션 건너뛰기 - 첫 번째 업데이트에서 입력 스테이트의 트랜지션을 건너뜁니까?
디폴트는 true 고 첫 번째 업데이트의 트랜지션 데이터를 버립니다.)
[2017.05.18-12.11.27:541][  0]LogTextLocalizationManager:Warning: Loaded localization resources contain conflicting entries for (Namespace:UObjectToolTips, Key:AnimNode_BlendSpacePlayer:X):
Localization Resource: (C:/Program Files/Epic Games/UE_4.15/Engine/Content/Localization/EditorTutorials/ko/EditorTutorials.locres) Source String Hash: (2060772590) Localized String: (블렌드스페이스에서 샘플링할 X 좌표입니다.)
Localization Resource: (C:/Program Files/Epic Games/UE_4.15/Engine/Content/Localization/ToolTips/ko/ToolTips.locres) Source String Hash: (2060772590) Localized String: (X - 블렌드스페이스 샘플의 X 좌표입니다.)
[2017.05.18-12.11.27:541][  0]LogTextLocalizationManager:Warning: Loaded localization resources contain conflicting entries for (Namespace:UObjectToolTips, Key:AnimNode_BlendSpacePlayer:Y):
Localization Resource: (C:/Program Files/Epic Games/UE_4.15/Engine/Content/Localization/EditorTutorials/ko/EditorTutorials.locres) Source String Hash: (-1719607538) Localized String: (블렌드스페이스에서 샘플링할 Y 좌표입니다.)
Localization Resource: (C:/Program Files/Epic Games/UE_4.15/Engine/Content/Localization/ToolTips/ko/ToolTips.locres) Source String Hash: (-1719607538) Localized String: (Y - 블렌드스페이스 샘플의 Y 좌표입니다.)
[2017.05.18-12.11.27:541][  0]LogTextLocalizationManager:Warning: Loaded localization resources contain conflicting entries for (Namespace:UObjectToolTips, Key:AnimNode_BlendSpacePlayer:Z):
Localization Resource: (C:/Program Files/Epic Games/UE_4.15/Engine/Content/Localization/EditorTutorials/ko/EditorTutorials.locres) Source String Hash: (1728943471) Localized String: (블렌드스페이스에서 샘플링할 Z 좌표입니다.)
Localization Resource: (C:/Program Files/Epic Games/UE_4.15/Engine/Content/Localization/ToolTips/ko/ToolTips.locres) Source String Hash: (1728943471) Localized String: (Z - 블렌드스페이스 샘플의 Z 좌표입니다.)
[2017.05.18-12.11.27:541][  0]LogTextLocalizationManager:Warning: Loaded localization resources contain conflicting entries for (Namespace:UObjectToolTips, Key:AnimNode_BlendSpacePlayer:BlendSpace):
Localization Resource: (C:/Program Files/Epic Games/UE_4.15/Engine/Content/Localization/EditorTutorials/ko/EditorTutorials.locres) Source String Hash: (1599043277) Localized String: (재생할 블렌드스페이스 애셋입니다.)
Localization Resource: (C:/Program Files/Epic Games/UE_4.15/Engine/Content/Localization/ToolTips/ko/ToolTips.locres) Source String Hash: (1599043277) Localized String: (블렌드스페이스 - 재생할 블렌드스페이스 애셋입니다.)
[2017.05.18-12.11.27:541][  0]LogTextLocalizationManager:Warning: Loaded localization resources contain conflicting entries for (Namespace:UObjectToolTips, Key:AnimNode_StateMachine:MaxTransitionsPerFrame):
Localization Resource: (C:/Program Files/Epic Games/UE_4.15/Engine/Content/Localization/EditorTutorials/ko/EditorTutorials.locres) Source String Hash: (1567650430) Localized String: (이 머신에서 한 프레임 내 '동시에' 취할 수 있는 트랜지션 최대 수입니다.)
Localization Resource: (C:/Program Files/Epic Games/UE_4.15/Engine/Content/Localization/ToolTips/ko/ToolTips.locres) Source String Hash: (1567650430) Localized String: (프레임 당 최대 트랜지션 - 한 프레임에서 이 머신이 동시에 취할 수 있는 트랜지션 최대 수입니다.)
[2017.05.18-12.11.27:541][  0]LogTextLocalizationManager:Warning: Loaded localization resources contain conflicting entries for (Namespace:UObjectToolTips, Key:AnimNode_BlendSpacePlayer:PlayRate):
Localization Resource: (C:/Program Files/Epic Games/UE_4.15/Engine/Content/Localization/EditorTutorials/ko/EditorTutorials.locres) Source String Hash: (-1274923958) Localized String: (재생 속도 배수입니다. 음수가 되면 애니메이션을 역순으로 재생하게 됩니다.)
Localization Resource: (C:/Program Files/Epic Games/UE_4.15/Engine/Content/Localization/ToolTips/ko/ToolTips.locres) Source String Hash: (-1274923958) Localized String: (재생 속도 - 재생 속도 배수입니다. 음수가 되면 애니메이션을 거꾸로 재생합니다.)
[2017.05.18-12.11.27:541][  0]LogTextLocalizationManager:Warning: Loaded localization resources contain conflicting entries for (Namespace:UObjectToolTips, Key:AnimNode_BlendSpacePlayer:StartPosition):
Localization Resource: (C:/Program Files/Epic Games/UE_4.15/Engine/Content/Localization/EditorTutorials/ko/EditorTutorials.locres) Source String Hash: (-207153555) Localized String: (시작 위치 범위는 [0,1] 이며, 재초기화시에만 적용됩니다.
루핑을 하면, 1 회전 후 0.f 부터 시작할 것입니다.)
Localization Resource: (C:/Program Files/Epic Games/UE_4.15/Engine/Content/Localization/ToolTips/ko/ToolTips.locres) Source String Hash: (-207153555) Localized String: (시작 위치 - [0, 1] 범위의 시작 위치로, 재초기화할 때만 적용됩니다.
반복하면 1회전 후 0.f 부터 시작됩니다.)
[2017.05.18-12.11.27:541][  0]LogTextLocalizationManager:Warning: Loaded localization resources contain conflicting entries for (Namespace:UObjectToolTips, Key:CameraFilmbackSettings:SensorWidth):
Localization Resource: (C:/Program Files/Epic Games/UE_4.15/Engine/Content/Localization/ToolTips/ko/ToolTips.locres) Source String Hash: (-1448580153) Localized String: (센서 폭 - 필름백 또는 디지털 센서의 가로 크기로, mm 단위입니다.)
Localization Resource: (C:/Program Files/Epic Games/UE_4.15/Engine/Content/Localization/Engine/ko/Engine.locres) Source String Hash: (-1448580153) Localized String: (필름백 또는 디지털 센서의 가로 크기로, mm 단위입니다.)
[2017.05.18-12.11.27:541][  0]LogTextLocalizationManager:Warning: Loaded localization resources contain conflicting entries for (Namespace:UObjectToolTips, Key:CameraFilmbackSettings:SensorAspectRatio):
Localization Resource: (C:/Program Files/Epic Games/UE_4.15/Engine/Content/Localization/ToolTips/ko/ToolTips.locres) Source String Hash: (-194807515) Localized String: (센서 종횡비 - 읽기 전용입니다. 센서 치수에서 계산했습니다.)
Localization Resource: (C:/Program Files/Epic Games/UE_4.15/Engine/Content/Localization/Engine/ko/Engine.locres) Source String Hash: (-194807515) Localized String: (읽기 전용입니다. 센서 크기에서 계산했습니다.)
[2017.05.18-12.11.27:541][  0]LogTextLocalizationManager:Warning: Loaded localization resources contain conflicting entries for (Namespace:UObjectToolTips, Key:AnimNode_SequencePlayer:bLoopAnimation):
Localization Resource: (C:/Program Files/Epic Games/UE_4.15/Engine/Content/Localization/ToolTips/ko/ToolTips.locres) Source String Hash: (2133979316) Localized String: (루프 - 애니메이션이 끝에 도달했을 때 계속 반복시켜야 할까요?)
Localization Resource: (C:/Program Files/Epic Games/UE_4.15/Engine/Content/Localization/Engine/ko/Engine.locres) Source String Hash: (2133979316) Localized String: (애니메이션이 끝에 도달하면 계속해서 루핑시킬것인지 입니다.)
[2017.05.18-12.11.27:541][  0]LogTextLocalizationManager:Warning: Loaded localization resources contain conflicting entries for (Namespace:UObjectToolTips, Key:AnimNode_SequencePlayer:Sequence):
Localization Resource: (C:/Program Files/Epic Games/UE_4.15/Engine/Content/Localization/ToolTips/ko/ToolTips.locres) Source String Hash: (421436424) Localized String: (시퀀스 - 재생할 애니메이션 시퀀스 애셋입니다.)
Localization Resource: (C:/Program Files/Epic Games/UE_4.15/Engine/Content/Localization/Engine/ko/Engine.locres) Source String Hash: (421436424) Localized String: (재생할 애니메이션 시퀀스 애셋입니다.)
[2017.05.18-12.11.27:541][  0]LogTextLocalizationManager:Warning: Loaded localization resources contain conflicting entries for (Namespace:UObjectToolTips, Key:AnimNode_SequencePlayer:PlayRate):
Localization Resource: (C:/Program Files/Epic Games/UE_4.15/Engine/Content/Localization/ToolTips/ko/ToolTips.locres) Source String Hash: (-1274923958) Localized String: (재생 속도 - 재생 속도 배수입니다. 음수가 될 수 있으며, 그러면 애니메이션이 거꾸로 재생됩니다.)
Localization Resource: (C:/Program Files/Epic Games/UE_4.15/Engine/Content/Localization/Engine/ko/Engine.locres) Source String Hash: (-1274923958) Localized String: (플레이 속도 배수입니다. 음수가 되면 애니메이션이 역방향으로 재생됩니다.)
[2017.05.18-12.11.27:541][  0]LogTextLocalizationManager:Warning: Loaded localization resources contain conflicting entries for (Namespace:UObjectToolTips, Key:AnimNode_SequencePlayer:StartPosition):
Localization Resource: (C:/Program Files/Epic Games/UE_4.15/Engine/Content/Localization/ToolTips/ko/ToolTips.locres) Source String Hash: (771611000) Localized String: (시작 위치 - 시작 위치로 재초기화할 때만 적용됩니다.
반복하면, 1회전 후 0.f 부터 시작됩니다.)
Localization Resource: (C:/Program Files/Epic Games/UE_4.15/Engine/Content/Localization/Engine/ko/Engine.locres) Source String Hash: (771611000) Localized String: (시작 위치로, 재초기화시에만 적용됩니다.
루핑을 하면, 1회전 후 0.f 부터 시작할 것입니다.)
[2017.05.18-12.11.27:541][  0]LogTextLocalizationManager:Warning: Loaded localization resources contain conflicting entries for (Namespace:UObjectToolTips, Key:CameraFilmbackSettings:SensorHeight):
Localization Resource: (C:/Program Files/Epic Games/UE_4.15/Engine/Content/Localization/ToolTips/ko/ToolTips.locres) Source String Hash: (-1311569777) Localized String: (센서 높이 - 필름백 또는 디지털 센서의 세로 크기로, mm 단위입니다.)
Localization Resource: (C:/Program Files/Epic Games/UE_4.15/Engine/Content/Localization/Engine/ko/Engine.locres) Source String Hash: (-1311569777) Localized String: (필름백 또는 디지털 센서의 세로 크기로, mm 단위입니다.)
[2017.05.18-12.11.28:041][  0]LogD3D11RHI: D3D11 adapters:
[2017.05.18-12.11.28:072][  0]LogD3D11RHI:    0. 'NVIDIA GeForce GTX 970' (Feature Level 11_0)
[2017.05.18-12.11.28:072][  0]LogD3D11RHI:       4058/0/4055 MB DedicatedVideo/DedicatedSystem/SharedSystem, Outputs:1, VendorId:0x10de
[2017.05.18-12.11.28:074][  0]LogD3D11RHI:    1. 'Microsoft Basic Render Driver' (Feature Level 11_0)
[2017.05.18-12.11.28:074][  0]LogD3D11RHI:       0/0/4055 MB DedicatedVideo/DedicatedSystem/SharedSystem, Outputs:0, VendorId:0x1414
[2017.05.18-12.11.28:074][  0]LogD3D11RHI: Chosen D3D11 Adapter: 0
[2017.05.18-12.11.28:078][  0]LogD3D11RHI: Creating new Direct3DDevice
[2017.05.18-12.11.28:078][  0]LogD3D11RHI:     GPU DeviceId: 0x13c2 (for the marketing name, search the web for "GPU Device Id")
[2017.05.18-12.11.28:078][  0]LogWindows: EnumDisplayDevices:
[2017.05.18-12.11.28:078][  0]LogWindows:    0. 'NVIDIA GeForce GTX 970' (P:1 D:1)
[2017.05.18-12.11.28:079][  0]LogWindows:    1. 'NVIDIA GeForce GTX 970' (P:0 D:0)
[2017.05.18-12.11.28:079][  0]LogWindows:    2. 'NVIDIA GeForce GTX 970' (P:0 D:0)
[2017.05.18-12.11.28:080][  0]LogWindows:    3. 'NVIDIA GeForce GTX 970' (P:0 D:0)
[2017.05.18-12.11.28:080][  0]LogWindows: DebugString: FoundDriverCount:4 
[2017.05.18-12.11.28:080][  0]LogD3D11RHI:     Adapter Name: NVIDIA GeForce GTX 970
[2017.05.18-12.11.28:080][  0]LogD3D11RHI:   Driver Version: 376.53 (internal:21.21.13.7653, unified:376.53)
[2017.05.18-12.11.28:080][  0]LogD3D11RHI:      Driver Date: 12-29-2016
[2017.05.18-12.11.28:080][  0]LogRHI: Texture pool is 1361 MB (70% of 1945 MB)
[2017.05.18-12.11.28:095][  0]LogD3D11RHI: Async texture creation enabled
[2017.05.18-12.11.28:105][  0]LogD3D11RHI: GPU Timing Frequency: 1000.000000 (Debug: 2 1)
[2017.05.18-12.11.28:154][  0]LogShaderCompilers: Guid format shader working directory is -25 characters bigger than the processId version (../../../../../../Users/syj/Documents/Unreal Projects/ShootergameExam/Intermediate/Shaders/WorkingDirectory/9644/).
[2017.05.18-12.11.28:155][  0]LogShaderCompilers: Cleaned the shader compiler working directory 'C:/Users/syj/AppData/Local/Temp/UnrealShaderWorkingDir/8719E0FC4F0D621498D92F98EAA7808E/'.
[2017.05.18-12.11.28:155][  0]LogShaderCompilers:Display: Using Local Shader Compiler.
[2017.05.18-12.11.29:423][  0]LogTemp:Display: Loaded TP AllDesktopTargetPlatform
[2017.05.18-12.11.29:518][  0]LogTemp:Display: Loaded TP MacClientTargetPlatform
[2017.05.18-12.11.29:626][  0]LogTemp:Display: Loaded TP MacNoEditorTargetPlatform
[2017.05.18-12.11.29:721][  0]LogTemp:Display: Loaded TP MacServerTargetPlatform
[2017.05.18-12.11.29:815][  0]LogTemp:Display: Loaded TP MacTargetPlatform
[2017.05.18-12.11.29:913][  0]LogTemp:Display: Loaded TP WindowsClientTargetPlatform
[2017.05.18-12.11.30:008][  0]LogTemp:Display: Loaded TP WindowsNoEditorTargetPlatform
[2017.05.18-12.11.30:107][  0]LogTemp:Display: Loaded TP WindowsServerTargetPlatform
[2017.05.18-12.11.30:195][  0]LogTemp:Display: Loaded TP WindowsTargetPlatform
[2017.05.18-12.11.30:291][  0]LogTemp:Display: Loaded TP AndroidTargetPlatform
[2017.05.18-12.11.30:394][  0]LogTemp:Display: Loaded TP Android_ASTCTargetPlatform
[2017.05.18-12.11.30:487][  0]LogTemp:Display: Loaded TP Android_ATCTargetPlatform
[2017.05.18-12.11.30:585][  0]LogTemp:Display: Loaded TP Android_DXTTargetPlatform
[2017.05.18-12.11.30:680][  0]LogTemp:Display: Loaded TP Android_ETC1TargetPlatform
[2017.05.18-12.11.30:773][  0]LogTemp:Display: Loaded TP Android_ETC2TargetPlatform
[2017.05.18-12.11.30:970][  0]LogTemp:Display: Loaded TP Android_MultiTargetPlatform
[2017.05.18-12.11.30:970][  0]LogTemp:Display: Loaded TP Android_PVRTCTargetPlatform
[2017.05.18-12.11.31:050][  0]LogTemp:Display: Loaded TP HTML5TargetPlatform
[2017.05.18-12.11.31:219][  0]LogTemp:Display: Loaded TP IOSTargetPlatform
[2017.05.18-12.11.31:276][  0]LogTemp:Display: Loaded TP TVOSTargetPlatform
[2017.05.18-12.11.31:378][  0]LogTemp:Display: Loaded TP LinuxClientTargetPlatform
[2017.05.18-12.11.31:473][  0]LogTemp:Display: Loaded TP LinuxNoEditorTargetPlatform
[2017.05.18-12.11.31:570][  0]LogTemp:Display: Loaded TP LinuxServerTargetPlatform
[2017.05.18-12.11.31:672][  0]LogTemp:Display: Loaded TP LinuxTargetPlatform
[2017.05.18-12.11.31:672][  0]LogTargetPlatformManager:Display: Building Assets For Windows
[2017.05.18-12.11.32:601][  0]LogDerivedDataCache:Display: Max Cache Size: 512 MB
[2017.05.18-12.11.32:649][  0]LogDerivedDataCache: Loaded boot cache 0.05s 50MB C:/Users/syj/AppData/Local/UnrealEngine/4.15/DerivedDataCache/Boot.ddc.
[2017.05.18-12.11.32:649][  0]LogDerivedDataCache:Display: Loaded Boot cache: C:/Users/syj/AppData/Local/UnrealEngine/4.15/DerivedDataCache/Boot.ddc
[2017.05.18-12.11.32:649][  0]LogDerivedDataCache: FDerivedDataBackendGraph:  Pak pak cache file ../../../../../../Users/syj/Documents/Unreal Projects/ShootergameExam/DerivedDataCache/DDC.ddp not found, will not use a pak cache.
[2017.05.18-12.11.32:649][  0]LogDerivedDataCache: Unable to find inner node Pak for hierarchical cache Hierarchy.
[2017.05.18-12.11.32:649][  0]LogDerivedDataCache: FDerivedDataBackendGraph:  CompressedPak pak cache file ../../../../../../Users/syj/Documents/Unreal Projects/ShootergameExam/DerivedDataCache/Compressed.ddp not found, will not use a pak cache.
[2017.05.18-12.11.32:649][  0]LogDerivedDataCache: Unable to find inner node CompressedPak for hierarchical cache Hierarchy.
[2017.05.18-12.11.32:666][  0]LogDerivedDataCache:Display: Pak cache opened for reading ../../../Engine/DerivedDataCache/Compressed.ddp.
[2017.05.18-12.11.32:679][  0]LogDerivedDataCache: Using Local data cache path C:/Users/syj/AppData/Local/UnrealEngine/Common/DerivedDataCache: Writable
[2017.05.18-12.11.32:687][  0]LogSlate: Using Freetype 2.6.0
[2017.05.18-12.11.32:688][  0]LogSlate: SlateFontCache - WITH_FREETYPE: 1, WITH_HARFBUZZ: 1
[2017.05.18-12.11.32:688][  0]LogSlate: SlateFontCache - WITH_FREETYPE: 1, WITH_HARFBUZZ: 1
[2017.05.18-12.11.32:973][  0]LogInit: Selected Device Profile: [Windows]
[2017.05.18-12.11.32:975][  0]LogContentStreaming: Texture pool size is 0.00 MB
[2017.05.18-12.11.33:300][  0]LogMeshUtilities: Using QuadricMeshReduction for automatic static mesh reduction
[2017.05.18-12.11.33:395][  0]LogSimplygon: Simplygon DLL not present - disabling.
[2017.05.18-12.11.33:491][  0]LogMeshUtilities: Using SimplygonSwarm for distributed automatic mesh merging
[2017.05.18-12.11.33:491][  0]LogMeshUtilities: No automatic skeletal mesh reduction module available
[2017.05.18-12.11.33:491][  0]LogMeshUtilities: No automatic mesh merging module available
[2017.05.18-12.11.34:181][  0]LogNetVersion: GetLocalNetworkVersion: CL: 3299760, ProjectName: shootergameexam, ProjectVersion: , EngineNetworkVersion: 2, GameNetworkVersion: 0, NetworkChecksum: 689405861
[2017.05.18-12.11.34:250][  0]LogAssetRegistry: FAssetRegistry took 0.0218 seconds to start up
[2017.05.18-12.11.34:339][  0]LogPackageLocalizationCache: Processed 3 localized package path(s) for 2 prioritized culture(s) in 0.030122 seconds
[2017.05.18-12.11.34:345][  0]LogUObjectArray: 32493 objects as part of root set at end of initial load.
[2017.05.18-12.11.34:345][  0]LogUObjectAllocator: 7077032 out of 0 bytes used by permanent object pool.
[2017.05.18-12.11.34:345][  0]LogUObjectArray: CloseDisregardForGC: 0/0 objects in disregard for GC pool
[2017.05.18-12.11.34:489][  0]LogInit: WinSock: version 1.1 (2.2), MaxSocks=32767, MaxUdp=65467
[2017.05.18-12.11.37:445][  0]LogTcpMessaging: Initializing TcpMessaging bridge
[2017.05.18-12.11.37:532][  0]LogUdpMessaging: Initializing bridge on interface 0.0.0.0:0 to multicast group 230.0.0.1:6666.
[2017.05.18-12.11.38:375][  0]LogMaterial: Uniform references updated for custom material expression Custom.
[2017.05.18-12.11.39:080][  0]SourceControl: 정보 소스 콘트롤이 꺼졌습니다.
[2017.05.18-12.11.39:123][  0]SourceControl: 정보 소스 콘트롤이 꺼졌습니다.
[2017.05.18-12.11.39:219][  0]SourceControl: 정보 소스 콘트롤이 꺼졌습니다.
[2017.05.18-12.11.39:313][  0]SourceControl: 정보 소스 콘트롤이 꺼졌습니다.
[2017.05.18-12.11.41:837][  0]LogEngine: Initializing Engine...
[2017.05.18-12.11.41:838][  0]LogHMD: Oculus plugin initialized. Version: 4.15.1-3348071+++UE4+Release-4.15, LibOVR: 1.14.0, SDK: 1.10.0, built Mar 15 2017, 16:59:09
[2017.05.18-12.11.42:202][  0]LogAIModule: Creating AISystem for world Untitled
[2017.05.18-12.11.42:231][  0]LogInit: XAudio2 using '스피커(High Definition Audio 장치)' : 2 channels at 44.1 kHz using 16 bits per sample (channel mask 0x3)
[2017.05.18-12.11.42:253][  0]LogInit: FAudioDevice initialized.
[2017.05.18-12.11.42:294][  0]LogDerivedDataCache: Saved boot cache 0.04s 50MB C:/Users/syj/AppData/Local/UnrealEngine/4.15/DerivedDataCache/Boot.ddc.
[2017.05.18-12.11.42:298][  0]LogInit: Texture streaming: Enabled
[2017.05.18-12.11.42:502][  0]LogEngineSessionManager: EngineSessionManager initialized
[2017.05.18-12.11.42:727][  0]LogInit: Transaction tracking system initialized
[2017.05.18-12.11.43:568][  0]BlueprintLog: New page: 에디터 로드
[2017.05.18-12.11.45:609][  0]LocalizationService: 정보 현지화 서비스가 비활성화되었습니다.
[2017.05.18-12.11.47:279][  0]LogConsoleResponse:Display: 
[2017.05.18-12.11.47:452][  0]LogCook:Display: Max memory allowance for cook 16384mb min free memory 0mb
[2017.05.18-12.11.47:452][  0]LogFileCache: Scanning file cache for directory 'C:/Users/syj/Documents/Unreal Projects/ShootergameExam/Content/' took 0.02s
[2017.05.18-12.11.47:452][  0]LogCook:Display: Mobile HDR setting 1
[2017.05.18-12.11.49:807][  0]SourceControl: 정보 소스 콘트롤이 꺼졌습니다.
[2017.05.18-12.11.49:808][  0]Cmd: MAP LOAD FILE="../../../Engine/Content/Maps/Templates/Template_Default.umap" TEMPLATE=1 SHOWPROGRESS=1 FEATURELEVEL=3
[2017.05.18-12.11.49:808][  0]LightingResults: New page: 라이팅 빌드
[2017.05.18-12.11.49:892][  0]MapCheck: New page: 맵 체크
[2017.05.18-12.11.49:892][  0]LightingResults: New page: 라이팅 빌드
[2017.05.18-12.11.50:095][  0]LogAIModule: Creating AISystem for world Untitled_1
[2017.05.18-12.11.50:113][  0]LogActorComponent: RegisterComponentWithWorld: (/Temp/Untitled_1.Untitled_1:PersistentLevel.WorldSettings_1.StaticMeshComponent0) Trying to register component with IsPendingKill() == true. Aborting.
[2017.05.18-12.11.50:118][  0]LogEditorServer: Finished looking for orphan Actors (0.000 secs)
[2017.05.18-12.11.50:121][  0]Cmd: MAP CHECKDEP NOCLEARLOG
[2017.05.18-12.11.50:203][  0]MapCheck: 정보 맵 체크 완료: 오류 0 회, 경고 0 회, 소요 시간 81.724ms.
[2017.05.18-12.11.50:203][  0]LogFileHelpers: Loading map 'Template_Default' took 0.395
[2017.05.18-12.11.50:262][  0]LogWindowsTextInputMethodSystem:Display: IME system now activated using TSF (Microsoft 입력기).
[2017.05.18-12.11.50:405][  0]LogCollectionManager: Loaded 0 collections in 0.001761 seconds
[2017.05.18-12.11.50:542][  0]LogFileCache: Scanning file cache for directory 'C:/Users/syj/Documents/Unreal Projects/ShootergameExam/Saved/Collections/' took 0.01s
[2017.05.18-12.11.50:542][  0]LogFileCache: Scanning file cache for directory 'C:/Users/syj/Documents/Unreal Projects/ShootergameExam/Content/Developers/syj/Collections/' took 0.01s
[2017.05.18-12.11.50:542][  0]LogFileCache: Scanning file cache for directory 'C:/Users/syj/Documents/Unreal Projects/ShootergameExam/Content/Collections/' took 0.01s
[2017.05.18-12.11.50:542][  0]LogCollectionManager: Rebuilt the GUID cache for 0 collections in 0.000001 seconds
[2017.05.18-12.11.50:551][  0]LogContentBrowser: Native class hierarchy populated in 0.0081 seconds. Added 2245 classes and 453 folders.
[2017.05.18-12.11.50:554][  0]LogStats: UGameplayTagsManager::ConstructGameplayTagTree: Construct from data asset -  0.000 s
[2017.05.18-12.11.50:554][  0]LogStats: UGameplayTagsManager::ConstructGameplayTagTree: GameplayTagTreeChangedEvent.Broadcast -  0.000 s
[2017.05.18-12.11.50:690][  0]LogContentBrowser: Native class hierarchy updated for 'WidgetCarousel' in 0.0005 seconds. Added 0 classes and 0 folders.
[2017.05.18-12.11.50:766][  0]LogContentBrowser: Native class hierarchy updated for 'AddContentDialog' in 0.0005 seconds. Added 0 classes and 0 folders.
[2017.05.18-12.11.50:855][  0]LogContentBrowser: Native class hierarchy updated for 'SceneOutliner' in 0.0006 seconds. Added 1 classes and 2 folders.
[2017.05.18-12.11.50:996][  0]LogCrashTracker: Crashtracker disabled due to settings.
[2017.05.18-12.11.51:004][  0]LogUObjectGlobals:Warning: 'Class 없음.' 오브젝트를 찾는 데 실패했습니다.
[2017.05.18-12.11.51:122][  0]LogContentBrowser: Native class hierarchy updated for 'HierarchicalLODOutliner' in 0.0006 seconds. Added 1 classes and 2 folders.
[2017.05.18-12.11.51:123][  0]LogLoad: (Engine Initialization) Total time: 27.01 seconds
[2017.05.18-12.11.51:123][  0]LogLoad: (Engine Initialization) Total Blueprint compile time: 0.13 seconds
[2017.05.18-12.11.51:123][  0]LogExternalProfiler: Found external profiler: VSPerf
[2017.05.18-12.11.51:123][  0]LogExternalProfiler: Using external profiler: VSPerf
[2017.05.18-12.11.51:135][  0]LogOcInput: OculusInput pre-init called
[2017.05.18-12.11.51:148][  0]LogOcInput: OculusInput is initialized. Init status 0. Runtime version: 1.14.0
[2017.05.18-12.11.51:180][  0]LogAssetRegistry: Asset discovery search completed in 16.9509 seconds
[2017.05.18-12.11.51:180][  0]LogCollectionManager: Rebuilt the object cache for 0 collections in 0.000004 seconds (found 0 objects)
[2017.05.18-12.11.51:180][  0]LogCollectionManager: Fixed up redirectors for 0 collections in 0.000016 seconds (updated 0 objects)
[2017.05.18-12.11.51:182][  0]LogContentStreaming: Texture pool size now 3000 MB
[2017.05.18-12.11.51:190][  0]LogSlate: Took 0.000354 seconds to synchronously load lazily loaded font '../../../Engine/Content/Slate/Fonts/Roboto-Regular.ttf' (155K)
[2017.05.18-12.11.51:195][  0]LogSlate: Took 0.002884 seconds to synchronously load lazily loaded font '../../../Engine/Content/Slate/Fonts/NanumGothic.ttf' (4243K)
[2017.05.18-12.11.51:196][  0]LogSlate: Took 0.000477 seconds to synchronously load lazily loaded font '../../../Engine/Content/Slate/Fonts/Roboto-Bold.ttf' (160K)
[2017.05.18-12.11.51:202][  0]LogSlate: Took 0.000432 seconds to synchronously load lazily loaded font '../../../Engine/Content/Editor/Slate/Fonts/FontAwesome.ttf' (139K)
[2017.05.18-12.11.51:334][  0]LogRenderer: Reallocating scene render targets to support 884x592 NumSamples 1 (Frame:2).
[2017.05.18-12.12.38:698][485]LogSlate: Took 0.000336 seconds to synchronously load lazily loaded font '../../../Engine/Content/Slate/Fonts/Roboto-Light.ttf' (159K)
[2017.05.18-12.12.44:707][171]LogWindowsTextInputMethodSystem:Display: IME system now activated using TSF (Microsoft 입력기).
[2017.05.18-12.12.44:866][172]Cmd: QUIT_EDITOR
[2017.05.18-12.12.44:915][172]LogExit: Preparing to exit.
[2017.05.18-12.12.45:756][172]LogDirectoryWatcher: A directory notification for 'C:/Users/syj/Documents/Unreal Projects/ShootergameExam/Content/' was aborted.
[2017.05.18-12.12.45:782][172]LogExit: Editor shut down
[2017.05.18-12.12.45:783][172]LogExit: Transaction tracking system shut down
[2017.05.18-12.12.45:862][172]LogObj: Freed 0b from 0 cluster array pools.
[2017.05.18-12.12.45:862][172]LogExit: Object subsystem successfully closed.
[2017.05.18-12.12.45:910][172]LogD3D11RHI: Shutdown
[2017.05.18-12.12.45:910][172]LogD3D11RHI: CleanupD3DDevice
[2017.05.18-12.12.46:152][172]LogD3D11RHI: ~FD3D11DynamicRHI
[2017.05.18-12.12.46:199][172]LogModuleManager: Shutting down and abandoning module HierarchicalLODOutliner (498)
[2017.05.18-12.12.46:199][172]LogModuleManager: Shutting down and abandoning module CrashTracker (496)
[2017.05.18-12.12.46:200][172]LogModuleManager: Shutting down and abandoning module SceneOutliner (494)
[2017.05.18-12.12.46:200][172]LogModuleManager: Shutting down and abandoning module AddContentDialog (492)
[2017.05.18-12.12.46:205][172]LogDirectoryWatcher: A directory notification for 'C:/Program Files/Epic Games/UE_4.15/FeaturePacks/' was aborted.
[2017.05.18-12.12.46:207][172]LogModuleManager: Shutting down and abandoning module WidgetCarousel (491)
[2017.05.18-12.12.46:207][172]LogModuleManager: Shutting down and abandoning module EditorWidgets (488)
[2017.05.18-12.12.46:207][172]LogModuleManager: Shutting down and abandoning module CollectionManager (486)
[2017.05.18-12.12.46:207][172]LogDirectoryWatcher: A directory notification for 'C:/Users/syj/Documents/Unreal Projects/ShootergameExam/Content/Collections/' was aborted.
[2017.05.18-12.12.46:207][172]LogDirectoryWatcher: A directory notification for 'C:/Users/syj/Documents/Unreal Projects/ShootergameExam/Content/Developers/syj/Collections/' was aborted.
[2017.05.18-12.12.46:207][172]LogDirectoryWatcher: A directory notification for 'C:/Users/syj/Documents/Unreal Projects/ShootergameExam/Saved/Collections/' was aborted.
[2017.05.18-12.12.46:207][172]LogModuleManager: Shutting down and abandoning module StatsViewer (484)
[2017.05.18-12.12.46:207][172]LogModuleManager: Shutting down and abandoning module FoliageEdit (482)
[2017.05.18-12.12.46:207][172]LogModuleManager: Shutting down and abandoning module LandscapeEditor (480)
[2017.05.18-12.12.46:207][172]LogModuleManager: Shutting down and abandoning module SceneDepthPickerMode (478)
[2017.05.18-12.12.46:207][172]LogModuleManager: Shutting down and abandoning module ActorPickerMode (476)
[2017.05.18-12.12.46:207][172]LogModuleManager: Shutting down and abandoning module GeometryMode (474)
[2017.05.18-12.12.46:207][172]LogModuleManager: Shutting down and abandoning module TextureAlignMode (472)
[2017.05.18-12.12.46:207][172]LogModuleManager: Shutting down and abandoning module BspMode (470)
[2017.05.18-12.12.46:207][172]LogModuleManager: Shutting down and abandoning module HardwareSurvey (468)
[2017.05.18-12.12.46:207][172]LogModuleManager: Shutting down and abandoning module SequenceRecorderSections (466)
[2017.05.18-12.12.46:207][172]LogModuleManager: Shutting down and abandoning module AutomationWorker (464)
[2017.05.18-12.12.46:207][172]LogModuleManager: Shutting down and abandoning module MatineeToLevelSequence (462)
[2017.05.18-12.12.46:207][172]LogModuleManager: Shutting down and abandoning module LevelSequenceEditor (460)
[2017.05.18-12.12.46:207][172]LogModuleManager: Shutting down and abandoning module PlacementMode (459)
[2017.05.18-12.12.46:207][172]LogModuleManager: Shutting down and abandoning module WmfMediaFactory (456)
[2017.05.18-12.12.46:207][172]LogModuleManager: Shutting down and abandoning module WmfMediaEditor (454)
[2017.05.18-12.12.46:207][172]LogModuleManager: Shutting down and abandoning module MfMediaFactory (452)
[2017.05.18-12.12.46:207][172]LogModuleManager: Shutting down and abandoning module MfMediaEditor (450)
[2017.05.18-12.12.46:207][172]LogModuleManager: Shutting down and abandoning module AvfMediaFactory (448)
[2017.05.18-12.12.46:207][172]LogModuleManager: Shutting down and abandoning module AvfMediaEditor (446)
[2017.05.18-12.12.46:207][172]LogModuleManager: Shutting down and abandoning module AndroidMediaFactory (444)
[2017.05.18-12.12.46:208][172]LogModuleManager: Shutting down and abandoning module Media (443)
[2017.05.18-12.12.46:208][172]LogModuleManager: Shutting down and abandoning module AndroidMediaEditor (440)
[2017.05.18-12.12.46:208][172]LogModuleManager: Shutting down and abandoning module CharacterAI (438)
[2017.05.18-12.12.46:208][172]LogModuleManager: Shutting down and abandoning module AudioCapture (436)
[2017.05.18-12.12.46:208][172]LogModuleManager: Shutting down and abandoning module SequenceRecorder (435)
[2017.05.18-12.12.46:208][172]LogModuleManager: Shutting down and abandoning module SmartSnapping (432)
[2017.05.18-12.12.46:208][172]LogModuleManager: Shutting down and abandoning module SessionServices (430)
[2017.05.18-12.12.46:208][172]LogModuleManager: Shutting down and abandoning module ViewportSnapping (428)
[2017.05.18-12.12.46:208][172]LogModuleManager: Shutting down and abandoning module ViewportInteraction (426)
[2017.05.18-12.12.46:208][172]LogModuleManager: Shutting down and abandoning module LogVisualizer (424)
[2017.05.18-12.12.46:209][172]LogModuleManager: Shutting down and abandoning module IntroTutorials (422)
[2017.05.18-12.12.46:209][172]LogModuleManager: Shutting down and abandoning module GameProjectGeneration (421)
[2017.05.18-12.12.46:209][172]LogModuleManager: Shutting down and abandoning module EditorLiveStreaming (418)
[2017.05.18-12.12.46:209][172]LogModuleManager: Shutting down and abandoning module IOSPlatformEditor (416)
[2017.05.18-12.12.46:209][172]LogModuleManager: Shutting down and abandoning module HTML5PlatformEditor (414)
[2017.05.18-12.12.46:210][172]LogModuleManager: Shutting down and abandoning module AndroidPlatformEditor (412)
[2017.05.18-12.12.46:210][172]LogModuleManager: Shutting down and abandoning module AndroidDeviceDetection (411)
[2017.05.18-12.12.46:587][172]LogModuleManager: Shutting down and abandoning module IOSRuntimeSettings (408)
[2017.05.18-12.12.46:587][172]LogModuleManager: Shutting down and abandoning module AndroidRuntimeSettings (406)
[2017.05.18-12.12.46:587][172]LogModuleManager: Shutting down and abandoning module InputBindingEditor (404)
[2017.05.18-12.12.46:587][172]LogModuleManager: Shutting down and abandoning module NiagaraEditor (402)
[2017.05.18-12.12.46:587][172]LogModuleManager: Shutting down and abandoning module MergeActors (400)
[2017.05.18-12.12.46:587][172]LogModuleManager: Shutting down and abandoning module SizeMap (398)
[2017.05.18-12.12.46:587][172]LogModuleManager: Shutting down and abandoning module TreeMap (396)
[2017.05.18-12.12.46:587][172]LogModuleManager: Shutting down and abandoning module ReferenceViewer (394)
[2017.05.18-12.12.46:587][172]LogModuleManager: Shutting down and abandoning module LocalizationDashboard (392)
[2017.05.18-12.12.46:587][172]LogModuleManager: Shutting down and abandoning module LocalizationService (391)
[2017.05.18-12.12.46:587][172]LogModuleManager: Shutting down and abandoning module HardwareTargeting (388)
[2017.05.18-12.12.46:587][172]LogModuleManager: Shutting down and abandoning module DeviceProfileEditor (386)
[2017.05.18-12.12.46:587][172]LogModuleManager: Shutting down and abandoning module UndoHistory (384)
[2017.05.18-12.12.46:587][172]LogModuleManager: Shutting down and abandoning module UserFeedback (382)
[2017.05.18-12.12.46:587][172]LogModuleManager: Shutting down and abandoning module XmlParser (380)
[2017.05.18-12.12.46:587][172]LogModuleManager: Shutting down and abandoning module Blutility (378)
[2017.05.18-12.12.46:587][172]LogModuleManager: Shutting down and abandoning module ProjectSettingsViewer (376)
[2017.05.18-12.12.46:587][172]LogModuleManager: Shutting down and abandoning module ProjectTargetPlatformEditor (375)
[2017.05.18-12.12.46:587][172]LogModuleManager: Shutting down and abandoning module EditorSettingsViewer (372)
[2017.05.18-12.12.46:587][172]LogModuleManager: Shutting down and abandoning module SettingsEditor (370)
[2017.05.18-12.12.46:587][172]LogModuleManager: Shutting down and abandoning module ProjectLauncher (368)
[2017.05.18-12.12.46:587][172]LogModuleManager: Shutting down and abandoning module SessionFrontend (366)
[2017.05.18-12.12.46:587][172]LogModuleManager: Shutting down and abandoning module ProfilerClient (364)
[2017.05.18-12.12.46:587][172]LogModuleManager: Shutting down and abandoning module DeviceManager (362)
[2017.05.18-12.12.46:588][172]LogModuleManager: Shutting down and abandoning module TargetDeviceServices (361)
[2017.05.18-12.12.46:630][172]LogModuleManager: Shutting down and abandoning module AutomationController (358)
[2017.05.18-12.12.46:630][172]LogModuleManager: Shutting down and abandoning module AutomationWindow (356)
[2017.05.18-12.12.46:630][172]LogModuleManager: Shutting down and abandoning module Layers (354)
[2017.05.18-12.12.46:630][172]LogModuleManager: Shutting down and abandoning module ComponentVisualizers (352)
[2017.05.18-12.12.46:630][172]LogModuleManager: Shutting down and abandoning module DetailCustomizations (350)
[2017.05.18-12.12.46:630][172]LogModuleManager: Shutting down and abandoning module PackagesDialog (348)
[2017.05.18-12.12.46:630][172]LogModuleManager: Shutting down and abandoning module Persona (346)
[2017.05.18-12.12.46:630][172]LogModuleManager: Shutting down and abandoning module AnimGraph (345)
[2017.05.18-12.12.46:630][172]LogModuleManager: Shutting down and abandoning module Kismet (342)
[2017.05.18-12.12.46:631][172]LogModuleManager: Shutting down and abandoning module GraphEditor (340)
[2017.05.18-12.12.46:631][172]LogModuleManager: Shutting down and abandoning module ClassViewer (338)
[2017.05.18-12.12.46:631][172]LogModuleManager: Shutting down and abandoning module Toolbox (336)
[2017.05.18-12.12.46:631][172]LogModuleManager: Shutting down and abandoning module ModuleUI (334)
[2017.05.18-12.12.46:631][172]LogModuleManager: Shutting down and abandoning module MovieSceneTools (332)
[2017.05.18-12.12.46:631][172]LogModuleManager: Shutting down and abandoning module OutputLog (330)
[2017.05.18-12.12.46:631][172]LogModuleManager: Shutting down and abandoning module GammaUI (328)
[2017.05.18-12.12.46:631][172]LogModuleManager: Shutting down and abandoning module Documentation (326)
[2017.05.18-12.12.46:631][172]LogModuleManager: Shutting down and abandoning module Niagara (324)
[2017.05.18-12.12.46:631][172]LogModuleManager: Shutting down and abandoning module StreamingPauseRendering (322)
[2017.05.18-12.12.46:631][172]LogModuleManager: Shutting down and abandoning module AnalyticsET (320)
[2017.05.18-12.12.46:631][172]LogModuleManager: Shutting down and abandoning module PortalServices (318)
[2017.05.18-12.12.46:631][172]LogModuleManager: Shutting down and abandoning module PortalRpc (316)
[2017.05.18-12.12.46:631][172]LogModuleManager: Shutting down and abandoning module MessagingRpc (314)
[2017.05.18-12.12.46:631][172]LogModuleManager: Shutting down and abandoning module AIModule (312)
[2017.05.18-12.12.46:631][172]LogModuleManager: Shutting down and abandoning module GameplayDebugger (311)
[2017.05.18-12.12.46:631][172]LogModuleManager: Shutting down and abandoning module AITestSuite (309)
[2017.05.18-12.12.46:631][172]LogModuleManager: Shutting down and abandoning module ProfilerService (306)
[2017.05.18-12.12.46:786][172]LogModuleManager: Shutting down and abandoning module TaskGraph (304)
[2017.05.18-12.12.46:786][172]LogModuleManager: Shutting down and abandoning module SteamVRController (302)
[2017.05.18-12.12.46:786][172]LogModuleManager: Shutting down and abandoning module SteamVR (300)
[2017.05.18-12.12.46:786][172]LogModuleManager: Shutting down and abandoning module ProceduralMeshComponentEditor (298)
[2017.05.18-12.12.46:786][172]LogModuleManager: Shutting down and abandoning module ProceduralMeshComponent (296)
[2017.05.18-12.12.46:786][172]LogModuleManager: Shutting down and abandoning module OculusLibrary (294)
[2017.05.18-12.12.46:786][172]LogModuleManager: Shutting down and abandoning module OculusInput (292)
[2017.05.18-12.12.46:786][172]LogModuleManager: Shutting down and abandoning module MobilePatchingUtils (290)
[2017.05.18-12.12.46:786][172]LogModuleManager: Shutting down and abandoning module CustomMeshComponent (288)
[2017.05.18-12.12.46:786][172]LogModuleManager: Shutting down and abandoning module CableComponent (286)
[2017.05.18-12.12.46:786][172]LogModuleManager: Shutting down and abandoning module ArchVisCharacter (284)
[2017.05.18-12.12.46:786][172]LogModuleManager: Shutting down and abandoning module MediaPlayerEditor (280)
[2017.05.18-12.12.46:786][172]LogModuleManager: Shutting down and abandoning module HTML5Networking (278)
[2017.05.18-12.12.46:786][172]LogModuleManager: Shutting down and abandoning module AlembicImporter (276)
[2017.05.18-12.12.46:786][172]LogModuleManager: Shutting down and abandoning module AlembicLibrary (275)
[2017.05.18-12.12.46:786][172]LogModuleManager: Shutting down and abandoning module GeometryCache (274)
[2017.05.18-12.12.46:786][172]LogModuleManager: Shutting down and abandoning module GeometryCacheEd (273)
[2017.05.18-12.12.46:786][172]LogModuleManager: Shutting down and abandoning module SuperSearchEditor (268)
[2017.05.18-12.12.46:786][172]LogModuleManager: Shutting down and abandoning module SuperSearch (267)
[2017.05.18-12.12.46:786][172]LogModuleManager: Shutting down and abandoning module SpeedTreeImporter (264)
[2017.05.18-12.12.46:786][172]LogModuleManager: Shutting down and abandoning module PluginBrowser (262)
[2017.05.18-12.12.46:786][172]LogModuleManager: Shutting down and abandoning module MobileLauncherProfileWizard (260)
[2017.05.18-12.12.46:786][172]LogModuleManager: Shutting down and abandoning module EpicSurvey (258)
[2017.05.18-12.12.46:786][172]LogModuleManager: Shutting down and abandoning module VisualStudioSourceCodeAccess (256)
[2017.05.18-12.12.46:786][172]LogModuleManager: Shutting down and abandoning module DesktopPlatform (255)
[2017.05.18-12.12.46:786][172]LogModuleManager: Shutting down and abandoning module UObjectPlugin (252)
[2017.05.18-12.12.46:786][172]LogModuleManager: Shutting down and abandoning module SubversionSourceControl (250)
[2017.05.18-12.12.46:786][172]LogModuleManager: Shutting down and abandoning module PerforceSourceControl (248)
[2017.05.18-12.12.46:786][172]LogModuleManager: Shutting down and abandoning module GitSourceControl (246)
[2017.05.18-12.12.46:786][172]LogModuleManager: Shutting down and abandoning module SourceControl (245)
[2017.05.18-12.12.46:786][172]LogModuleManager: Shutting down and abandoning module LightPropagationVolumeEditor (242)
[2017.05.18-12.12.46:786][172]LogModuleManager: Shutting down and abandoning module PaperTiledImporter (240)
[2017.05.18-12.12.46:786][172]LogModuleManager: Shutting down and abandoning module PaperSpriteSheetImporter (238)
[2017.05.18-12.12.46:786][172]LogModuleManager: Shutting down and abandoning module Paper2DEditor (236)
[2017.05.18-12.12.46:786][172]LogModuleManager: Shutting down and abandoning module MeshPaint (235)
[2017.05.18-12.12.46:786][172]LogModuleManager: Shutting down and abandoning module LevelEditor (233)
[2017.05.18-12.12.46:787][172]LogModuleManager: Shutting down and abandoning module PixelInspectorModule (232)
[2017.05.18-12.12.46:787][172]LogModuleManager: Shutting down and abandoning module MainFrame (230)
[2017.05.18-12.12.46:787][172]LogModuleManager: Shutting down and abandoning module HotReload (229)
[2017.05.18-12.12.46:788][172]LogModuleManager: Shutting down and abandoning module ContentBrowser (225)
[2017.05.18-12.12.46:788][172]LogModuleManager: Shutting down and abandoning module PhysXVehiclesEditor (222)
[2017.05.18-12.12.46:788][172]LogModuleManager: Shutting down and abandoning module PhysXVehicles (220)
[2017.05.18-12.12.46:788][172]LogModuleManager: Shutting down and abandoning module LocationServicesBPLibrary (218)
[2017.05.18-12.12.46:788][172]LogModuleManager: Shutting down and abandoning module UdpMessaging (216)
[2017.05.18-12.12.46:889][172]LogModuleManager: Shutting down and abandoning module TcpMessaging (214)
[2017.05.18-12.12.46:990][172]LogModuleManager: Shutting down and abandoning module GameplayTagsEditor (212)
[2017.05.18-12.12.46:990][172]LogModuleManager: Shutting down and abandoning module FacialAnimationEditor (210)
[2017.05.18-12.12.46:990][172]LogModuleManager: Shutting down and abandoning module FacialAnimation (208)
[2017.05.18-12.12.46:990][172]LogModuleManager: Shutting down and abandoning module LightPropagationVolumeRuntime (206)
[2017.05.18-12.12.46:990][172]LogModuleManager: Shutting down and abandoning module Paper2D (204)
[2017.05.18-12.12.46:990][172]LogModuleManager: Shutting down and abandoning module WindowsMoviePlayer (202)
[2017.05.18-12.12.46:990][172]LogModuleManager: Shutting down and abandoning module WmfMedia (200)
[2017.05.18-12.12.46:990][172]LogModuleManager: Shutting down and abandoning module MfMedia (198)
[2017.05.18-12.12.46:990][172]LogModuleManager: Shutting down and abandoning module MediaAssets (196)
[2017.05.18-12.12.46:990][172]LogModuleManager: Shutting down and abandoning module GameLiveStreaming (194)
[2017.05.18-12.12.46:990][172]LogModuleManager: Shutting down and abandoning module VREditor (192)
[2017.05.18-12.12.46:990][172]LogModuleManager: Shutting down and abandoning module GameplayTasksEditor (190)
[2017.05.18-12.12.46:990][172]LogModuleManager: Shutting down and abandoning module BehaviorTreeEditor (188)
[2017.05.18-12.12.46:990][172]LogModuleManager: Shutting down and abandoning module FunctionalTesting (186)
[2017.05.18-12.12.46:990][172]LogModuleManager: Shutting down and abandoning module CollisionAnalyzer (184)
[2017.05.18-12.12.46:990][172]LogModuleManager: Shutting down and abandoning module UMG (182)
[2017.05.18-12.12.46:990][172]LogModuleManager: Shutting down and abandoning module UMGEditor (181)
[2017.05.18-12.12.46:990][172]LogModuleManager: Shutting down and abandoning module Sequencer (180)
[2017.05.18-12.12.46:990][172]LogModuleManager: Shutting down and abandoning module AssetTools (178)
[2017.05.18-12.12.46:990][172]LogModuleManager: Shutting down and abandoning module MessageLog (177)
[2017.05.18-12.12.46:990][172]LogModuleManager: Shutting down and abandoning module WorkspaceMenuStructure (176)
[2017.05.18-12.12.46:990][172]LogModuleManager: Shutting down and abandoning module SlateReflector (170)
[2017.05.18-12.12.46:990][172]LogModuleManager: Shutting down and abandoning module Slate (168)
[2017.05.18-12.12.46:990][172]LogModuleManager: Shutting down and abandoning module EditorStyle (166)
[2017.05.18-12.12.46:993][172]LogModuleManager: Shutting down and abandoning module SourceCodeAccess (164)
[2017.05.18-12.12.46:993][172]LogModuleManager: Shutting down and abandoning module HeadMountedDisplay (162)
[2017.05.18-12.12.46:993][172]LogModuleManager: Shutting down and abandoning module XAudio2 (160)
[2017.05.18-12.12.46:993][172]LogModuleManager: Shutting down and abandoning module Networking (158)
[2017.05.18-12.12.46:993][172]LogModuleManager: Shutting down and abandoning module Core (154)
[2017.05.18-12.12.46:993][172]LogModuleManager: Shutting down and abandoning module AssetRegistry (152)
[2017.05.18-12.12.47:123][172]LogDirectoryWatcher: A directory notification for '../../../Engine/Content/' was aborted.
[2017.05.18-12.12.47:123][172]LogDirectoryWatcher: A directory notification for '../../../../../../Users/syj/Documents/Unreal Projects/ShootergameExam/Content/' was aborted.
[2017.05.18-12.12.47:123][172]LogDirectoryWatcher: A directory notification for '../../../Engine/Plugins/2D/Paper2D/Content/' was aborted.
[2017.05.18-12.12.47:123][172]LogModuleManager: Shutting down and abandoning module DirectoryWatcher (151)
[2017.05.18-12.12.47:124][172]LogModuleManager: Shutting down and abandoning module KismetCompiler (148)
[2017.05.18-12.12.47:124][172]LogModuleManager: Shutting down and abandoning module PhysXFormats (146)
[2017.05.18-12.12.47:124][172]LogModuleManager: Shutting down and abandoning module MeshUtilities (144)
[2017.05.18-12.12.47:124][172]LogModuleManager: Shutting down and abandoning module SimplygonSwarm (143)
[2017.05.18-12.12.47:124][172]LogModuleManager: Shutting down and abandoning module SimplygonMeshReduction (141)
[2017.05.18-12.12.47:124][172]LogModuleManager: Shutting down and abandoning module QuadricMeshReduction (139)
[2017.05.18-12.12.47:124][172]LogModuleManager: Shutting down and abandoning module PropertyEditor (137)
[2017.05.18-12.12.47:124][172]LogModuleManager: Shutting down and abandoning module DerivedDataCache (134)
[2017.05.18-12.12.47:531][172]LogDerivedDataCache: Shutdown
[2017.05.18-12.12.47:531][172]LogModuleManager: Shutting down and abandoning module TargetPlatform (132)
[2017.05.18-12.12.47:531][172]LogModuleManager: Shutting down and abandoning module VulkanShaderFormat (131)
[2017.05.18-12.12.47:531][172]LogModuleManager: Shutting down and abandoning module ShaderFormatOpenGL (129)
[2017.05.18-12.12.47:531][172]LogModuleManager: Shutting down and abandoning module ShaderFormatD3D (127)
[2017.05.18-12.12.47:531][172]LogModuleManager: Shutting down and abandoning module MetalShaderFormat (125)
[2017.05.18-12.12.47:531][172]LogModuleManager: Shutting down and abandoning module TextureFormatUncompressed (123)
[2017.05.18-12.12.47:531][172]LogModuleManager: Shutting down and abandoning module TextureFormatPVR (121)
[2017.05.18-12.12.47:531][172]LogModuleManager: Shutting down and abandoning module TextureFormatDXT (119)
[2017.05.18-12.12.47:531][172]LogModuleManager: Shutting down and abandoning module TextureFormatIntelISPCTexComp (117)
[2017.05.18-12.12.47:531][172]LogModuleManager: Shutting down and abandoning module TextureFormatASTC (115)
[2017.05.18-12.12.47:531][172]LogModuleManager: Shutting down and abandoning module ImageWrapper (114)
[2017.05.18-12.12.47:531][172]LogModuleManager: Shutting down and abandoning module TextureFormatAndroid (111)
[2017.05.18-12.12.47:531][172]LogModuleManager: Shutting down and abandoning module AudioFormatOpus (109)
[2017.05.18-12.12.47:531][172]LogModuleManager: Shutting down and abandoning module AudioFormatOgg (107)
[2017.05.18-12.12.47:531][172]LogModuleManager: Shutting down and abandoning module AudioFormatADPCM (105)
[2017.05.18-12.12.47:531][172]LogModuleManager: Shutting down and abandoning module LinuxTargetPlatform (103)
[2017.05.18-12.12.47:531][172]LogModuleManager: Shutting down and abandoning module LinuxServerTargetPlatform (101)
[2017.05.18-12.12.47:531][172]LogModuleManager: Shutting down and abandoning module LinuxNoEditorTargetPlatform (99)
[2017.05.18-12.12.47:531][172]LogModuleManager: Shutting down and abandoning module LinuxClientTargetPlatform (97)
[2017.05.18-12.12.47:531][172]LogModuleManager: Shutting down and abandoning module TVOSTargetPlatform (95)
[2017.05.18-12.12.47:531][172]LogModuleManager: Shutting down and abandoning module Messaging (93)
[2017.05.18-12.12.47:531][172]LogModuleManager: Shutting down and abandoning module IOSTargetPlatform (91)
[2017.05.18-12.12.47:531][172]LogModuleManager: Shutting down and abandoning module HTML5TargetPlatform (89)
[2017.05.18-12.12.47:531][172]LogModuleManager: Shutting down and abandoning module Android_PVRTCTargetPlatform (87)
[2017.05.18-12.12.47:531][172]LogModuleManager: Shutting down and abandoning module Android_MultiTargetPlatform (85)
[2017.05.18-12.12.47:531][172]LogModuleManager: Shutting down and abandoning module Android_ETC2TargetPlatform (83)
[2017.05.18-12.12.47:531][172]LogModuleManager: Shutting down and abandoning module Android_ETC1TargetPlatform (81)
[2017.05.18-12.12.47:531][172]LogModuleManager: Shutting down and abandoning module Android_DXTTargetPlatform (79)
[2017.05.18-12.12.47:531][172]LogModuleManager: Shutting down and abandoning module Android_ATCTargetPlatform (77)
[2017.05.18-12.12.47:531][172]LogModuleManager: Shutting down and abandoning module Android_ASTCTargetPlatform (75)
[2017.05.18-12.12.47:531][172]LogModuleManager: Shutting down and abandoning module AndroidTargetPlatform (73)
[2017.05.18-12.12.47:531][172]LogModuleManager: Shutting down and abandoning module WindowsTargetPlatform (71)
[2017.05.18-12.12.47:531][172]LogModuleManager: Shutting down and abandoning module WindowsServerTargetPlatform (69)
[2017.05.18-12.12.47:531][172]LogModuleManager: Shutting down and abandoning module WindowsNoEditorTargetPlatform (67)
[2017.05.18-12.12.47:531][172]LogModuleManager: Shutting down and abandoning module WindowsClientTargetPlatform (65)
[2017.05.18-12.12.47:531][172]LogModuleManager: Shutting down and abandoning module MacTargetPlatform (63)
[2017.05.18-12.12.47:531][172]LogModuleManager: Shutting down and abandoning module MacServerTargetPlatform (61)
[2017.05.18-12.12.47:531][172]LogModuleManager: Shutting down and abandoning module MacNoEditorTargetPlatform (59)
[2017.05.18-12.12.47:531][172]LogModuleManager: Shutting down and abandoning module MacClientTargetPlatform (57)
[2017.05.18-12.12.47:531][172]LogModuleManager: Shutting down and abandoning module AllDesktopTargetPlatform (55)
[2017.05.18-12.12.47:531][172]LogModuleManager: Shutting down and abandoning module InputCore (52)
[2017.05.18-12.12.47:531][172]LogModuleManager: Shutting down and abandoning module Settings (50)
[2017.05.18-12.12.47:531][172]LogModuleManager: Shutting down and abandoning module OculusRift (48)
[2017.05.18-12.12.47:532][172]LogHMD: Oculus shutdown.
[2017.05.18-12.12.47:532][172]LogModuleManager: Shutting down and abandoning module GearVR (46)
[2017.05.18-12.12.47:532][172]LogModuleManager: Shutting down and abandoning module ExampleDeviceProfileSelector (44)
[2017.05.18-12.12.47:532][172]LogModuleManager: Shutting down and abandoning module OnlineBlueprintSupport (42)
[2017.05.18-12.12.47:532][172]LogModuleManager: Shutting down and abandoning module OnlineSubsystem (38)
[2017.05.18-12.12.47:532][172]LogOnline:Display: Unloading online subsystem: NULL
[2017.05.18-12.12.47:532][172]LogModuleManager: Shutting down and abandoning module XMPP (37)
[2017.05.18-12.12.47:532][172]LogModuleManager: Shutting down and abandoning module HTTP (35)
[2017.05.18-12.12.47:532][172]LogHttp:Display: Http module shutting down, but needs to wait on 1 outstanding Http requests:
[2017.05.18-12.12.47:532][172]LogHttp:Display: 	verb=[POST] url=[https://datarouter.ol.epicgames.com/datarouter/api/v1/public/data?SessionID=%7B42F61942-4F3B-5A27-1DA5-00B66471E14D%7D&AppID=UEEditor.Rocket.Release&AppVersion=4.15.1-3348071%2B%2B%2BUE4%2BRelease-4.15&UserID=b7af4be64c2f7f90e80caf93515ecd3d%7C625225da24bf49bd9dcc94f8eb08c150%7C1e33b659-c911-4b61-b646-24cd5b71aa09&AppEnvironment=datacollector-binary&UploadType=eteventstream] status=Processing
[2017.05.18-12.12.47:554][172]LogModuleManager: Shutting down and abandoning module SSL (34)
[2017.05.18-12.12.47:555][172]LogModuleManager: Shutting down and abandoning module AudioEditor (30)
[2017.05.18-12.12.47:555][172]LogModuleManager: Shutting down and abandoning module TextureCompressor (28)
[2017.05.18-12.12.47:555][172]LogModuleManager: Shutting down and abandoning module ShaderCore (26)
[2017.05.18-12.12.47:555][172]LogModuleManager: Shutting down and abandoning module Landscape (24)
[2017.05.18-12.12.47:555][172]LogModuleManager: Shutting down and abandoning module SlateRHIRenderer (22)
[2017.05.18-12.12.47:557][172]LogModuleManager: Shutting down and abandoning module OpenGLDrv (20)
[2017.05.18-12.12.47:557][172]LogModuleManager: Shutting down and abandoning module D3D11RHI (18)
[2017.05.18-12.12.47:557][172]LogModuleManager: Shutting down and abandoning module AnimGraphRuntime (16)
[2017.05.18-12.12.47:557][172]LogModuleManager: Shutting down and abandoning module Renderer (14)
[2017.05.18-12.12.47:557][172]LogModuleManager: Shutting down and abandoning module Engine (12)
[2017.05.18-12.12.47:557][172]LogModuleManager: Shutting down and abandoning module CoreUObject (10)
[2017.05.18-12.12.47:557][172]LogModuleManager: Shutting down and abandoning module NetworkFile (8)
[2017.05.18-12.12.47:557][172]LogModuleManager: Shutting down and abandoning module StreamingFile (6)
[2017.05.18-12.12.47:557][172]LogModuleManager: Shutting down and abandoning module SandboxFile (4)
[2017.05.18-12.12.47:557][172]LogModuleManager: Shutting down and abandoning module PakFile (2)
[2017.05.18-12.12.47:559][172]LogExit: Exiting.
[2017.05.18-12.12.47:566][172]Log file closed, 05/18/17 21:12:47
